<?xml version="1.0" encoding="UTF-8"?>
<!-- Generated by org.testng.reporters.JUnitXMLReporter -->
<testsuite ignored="1" hostname="LKCONKWICKRAM02" failures="0" tests="1" name="Default test" time="21.774" errors="0" timestamp="2021-07-20T22:23:07 IST">
  <testcase classname="testCases.TestDynemicallyLodingElements" name="waitingForTextLabel" time="6.396"/>
  <testcase classname="testCases.TestDynemicallyLodingElements" name="loadDinemicallyLoadingElements" time="0.0">
    <ignored/>
  </testcase> <!-- loadDinemicallyLoadingElements -->
</testsuite> <!-- Default test -->
