<?xml version="1.0" encoding="UTF-8"?>
<testng-results ignored="0" total="1" passed="1" failed="0" skipped="0">
  <reporter-output>
  </reporter-output>
  <suite started-at="2021-07-19T14:47:49 IST" name="Default suite" finished-at="2021-07-19T14:48:05 IST" duration-ms="15962">
    <groups>
    </groups>
    <test started-at="2021-07-19T14:47:49 IST" name="Default test" finished-at="2021-07-19T14:48:05 IST" duration-ms="15962">
      <class name="testCases.TestScrollExecution">
        <test-method is-config="true" signature="setUp()[pri:0, instance:testCases.TestScrollExecution@1cbb87f3]" started-at="2021-07-19T14:47:49 IST" name="setUp" finished-at="2021-07-19T14:48:01 IST" duration-ms="12809" status="PASS">
          <reporter-output>
          </reporter-output>
        </test-method> <!-- setUp -->
        <test-method is-config="true" signature="goHome()[pri:0, instance:testCases.TestScrollExecution@1cbb87f3]" started-at="2021-07-19T14:48:01 IST" name="goHome" finished-at="2021-07-19T14:48:02 IST" duration-ms="445" status="PASS">
          <reporter-output>
          </reporter-output>
        </test-method> <!-- goHome -->
        <test-method signature="tetScrollToFifthParagraph()[pri:0, instance:testCases.TestScrollExecution@1cbb87f3]" started-at="2021-07-19T14:48:02 IST" name="tetScrollToFifthParagraph" finished-at="2021-07-19T14:48:04 IST" duration-ms="2331" status="PASS">
          <reporter-output>
          </reporter-output>
        </test-method> <!-- tetScrollToFifthParagraph -->
        <test-method is-config="true" signature="tearDown()[pri:0, instance:testCases.TestScrollExecution@1cbb87f3]" started-at="2021-07-19T14:48:04 IST" name="tearDown" finished-at="2021-07-19T14:48:05 IST" duration-ms="344" status="PASS">
          <reporter-output>
          </reporter-output>
        </test-method> <!-- tearDown -->
      </class> <!-- testCases.TestScrollExecution -->
    </test> <!-- Default test -->
  </suite> <!-- Default suite -->
</testng-results>
