<?xml version="1.0" encoding="UTF-8"?>
<testng-results ignored="0" total="1" passed="1" failed="0" skipped="0">
  <reporter-output>
  </reporter-output>
  <suite started-at="2021-07-19T19:47:11 IST" name="Default suite" finished-at="2021-07-19T19:47:30 IST" duration-ms="18261">
    <groups>
    </groups>
    <test started-at="2021-07-19T19:47:11 IST" name="Default test" finished-at="2021-07-19T19:47:30 IST" duration-ms="18261">
      <class name="testCases.TestWindowUtilitisCheck">
        <test-method is-config="true" signature="setUp()[pri:0, instance:testCases.TestWindowUtilitisCheck@1b6e1eff]" started-at="2021-07-19T19:47:11 IST" name="setUp" finished-at="2021-07-19T19:47:22 IST" duration-ms="10746" status="PASS">
          <reporter-output>
          </reporter-output>
        </test-method> <!-- setUp -->
        <test-method is-config="true" signature="goHome()[pri:0, instance:testCases.TestWindowUtilitisCheck@1b6e1eff]" started-at="2021-07-19T19:47:22 IST" name="goHome" finished-at="2021-07-19T19:47:23 IST" duration-ms="488" status="PASS">
          <reporter-output>
          </reporter-output>
        </test-method> <!-- goHome -->
        <test-method signature="doUtilitiesAction()[pri:0, instance:testCases.TestWindowUtilitisCheck@1b6e1eff]" started-at="2021-07-19T19:47:23 IST" name="doUtilitiesAction" finished-at="2021-07-19T19:47:29 IST" duration-ms="6379" status="PASS">
          <reporter-output>
          </reporter-output>
        </test-method> <!-- doUtilitiesAction -->
        <test-method is-config="true" signature="tearDown()[pri:0, instance:testCases.TestWindowUtilitisCheck@1b6e1eff]" started-at="2021-07-19T19:47:29 IST" name="tearDown" finished-at="2021-07-19T19:47:30 IST" duration-ms="589" status="PASS">
          <reporter-output>
          </reporter-output>
        </test-method> <!-- tearDown -->
      </class> <!-- testCases.TestWindowUtilitisCheck -->
    </test> <!-- Default test -->
  </suite> <!-- Default suite -->
</testng-results>
